<?xml version="1.0" encoding="UTF-8"?>
<!-- Generated by org.testng.reporters.JUnitXMLReporter -->
<testsuite hostname="WINGB185152-1SG" name="Default test" tests="4" failures="0" timestamp="1 Jun 2021 09:46:22 GMT" time="8.067" errors="0">
  <testcase name="verifyBasePageNavigation" time="4.155" classname="blazedemo.Booking"/>
  <testcase name="verifyCitySelection" time="0.808" classname="blazedemo.Booking"/>
  <testcase name="verifyFlightSelection" time="1.41" classname="blazedemo.Booking"/>
  <testcase name="verifyBooking" time="1.68" classname="blazedemo.Booking"/>
</testsuite> <!-- Default test -->
