<?xml version="1.0" encoding="UTF-8"?>
<!-- Generated by org.testng.reporters.JUnitXMLReporter -->
<testsuite hostname="WINGB185152-1SG" name="Test" tests="4" failures="0" timestamp="1 Jun 2021 14:16:38 GMT" time="6.791" errors="0">
  <testcase name="verifyBasePageNavigation" time="0.05" classname="blazedemo.Booking"/>
  <testcase name="verifyCitySelection" time="0.572" classname="blazedemo.Booking"/>
  <testcase name="verifyFlightSelection" time="0.799" classname="blazedemo.Booking"/>
  <testcase name="verifyBooking" time="1.022" classname="blazedemo.Booking"/>
</testsuite> <!-- Test -->
